<?xml version="1.0" encoding="UTF-8"?>
<!-- Generated by org.testng.reporters.JUnitReportReporter -->
<testsuite hostname="LAPTOP-AFSAN" failures="0" tests="3" name="com.crm.qa.testcases.LoginPageTest" time="26.051" errors="0" timestamp="22 May 2020 21:48:14 GMT">
  <testcase classname="com.crm.qa.testcases.LoginPageTest" name="loginPageTitleTest" time="8.008"/>
  <testcase classname="com.crm.qa.testcases.LoginPageTest" name="crmLogoImageTest" time="7.888"/>
  <testcase classname="com.crm.qa.testcases.LoginPageTest" name="loginTest" time="10.155"/>
</testsuite> <!-- com.crm.qa.testcases.LoginPageTest -->
