<?xml version="1.0" encoding="UTF-8"?>
<!-- Generated by org.testng.reporters.JUnitReportReporter -->
<testsuite hostname="DESKTOP-2HLQDRG" failures="0" tests="1" name="com.crm.qa.testcases.LoginPageTest" time="19.919" errors="0" timestamp="12 Jul 2020 21:09:58 GMT">
  <testcase classname="com.crm.qa.testcases.LoginPageTest" name="loginTest" time="19.919"/>
</testsuite> <!-- com.crm.qa.testcases.LoginPageTest -->
