<?xml version="1.0" encoding="UTF-8"?>
<!-- Generated by org.testng.reporters.JUnitReportReporter -->
<testsuite hostname="LAPTOP-AFSAN" failures="0" tests="3" name="com.crm.qa.testcases.HomePageTest" time="33.793" errors="0" timestamp="22 May 2020 21:48:14 GMT">
  <testcase classname="com.crm.qa.testcases.HomePageTest" name="verifyHomePageTitleTest" time="10.238"/>
  <testcase classname="com.crm.qa.testcases.HomePageTest" name="verifyUserNameTest" time="11.381"/>
  <testcase classname="com.crm.qa.testcases.HomePageTest" name="verifyContactsLinkTest" time="12.174"/>
</testsuite> <!-- com.crm.qa.testcases.HomePageTest -->
